<?xml version="1.0" encoding="UTF-8"?>
<testng-results skipped="0" failed="0" total="1" passed="1">
  <reporter-output>
  </reporter-output>
  <suite name="Suite" duration-ms="21" started-at="2016-10-10T10:48:58Z" finished-at="2016-10-10T10:48:58Z">
    <groups>
    </groups>
    <test name="Test" duration-ms="21" started-at="2016-10-10T10:48:58Z" finished-at="2016-10-10T10:48:58Z">
      <class name="demojenkins.DemoJenkinsJobs">
        <test-method status="PASS" signature="testJenkins()[pri:0, instance:demojenkins.DemoJenkinsJobs@7bc0bd17]" name="testJenkins" duration-ms="8" started-at="2016-10-10T12:48:58Z" finished-at="2016-10-10T12:48:58Z">
          <reporter-output>
          </reporter-output>
        </test-method> <!-- testJenkins -->
      </class> <!-- demojenkins.DemoJenkinsJobs -->
    </test> <!-- Test -->
  </suite> <!-- Suite -->
</testng-results>
